2023.07.13 06:15:43 INFO  Started: Metals version 0.11.12 in workspace 'D:\PISTIS\Eris-main' for client Visual Studio Code 1.80.0.
Jul 13, 2023 6:15:43 AM org.flywaydb.core.internal.license.VersionPrinter printVersionOnly
INFO: Flyway Community Edition 9.16.3 by Redgate
Jul 13, 2023 6:15:43 AM org.flywaydb.core.internal.license.VersionPrinter printVersion
INFO: See release notes here: https://rd.gt/416ObMi
Jul 13, 2023 6:15:43 AM org.flywaydb.core.internal.license.VersionPrinter printVersion
INFO: 
Jul 13, 2023 6:15:44 AM org.flywaydb.core.internal.database.base.BaseDatabaseType createDatabase
INFO: Database: jdbc:h2:file:D:\PISTIS\Eris-main\.metals\metals (H2 2.1)
Jul 13, 2023 6:15:44 AM org.flywaydb.core.internal.schemahistory.JdbcTableSchemaHistory allAppliedMigrations
INFO: Schema history table "PUBLIC"."flyway_schema_history" does not exist yet
Jul 13, 2023 6:15:44 AM org.flywaydb.core.internal.command.DbValidate validate
INFO: Successfully validated 4 migrations (execution time 00:00.033s)
Jul 13, 2023 6:15:44 AM org.flywaydb.core.internal.schemahistory.JdbcTableSchemaHistory create
INFO: Creating Schema History table "PUBLIC"."flyway_schema_history" ...
Jul 13, 2023 6:15:44 AM org.flywaydb.core.internal.command.DbMigrate migrateGroup
INFO: Current version of schema "PUBLIC": << Empty Schema >>
Jul 13, 2023 6:15:44 AM org.flywaydb.core.internal.command.DbMigrate doMigrateGroup
INFO: Migrating schema "PUBLIC" to version "1 - Create tables"
Jul 13, 2023 6:15:44 AM org.flywaydb.core.internal.command.DbMigrate doMigrateGroup
INFO: Migrating schema "PUBLIC" to version "2 - Server discovery"
Jul 13, 2023 6:15:44 AM org.flywaydb.core.internal.command.DbMigrate doMigrateGroup
INFO: Migrating schema "PUBLIC" to version "3 - Jar symbols"
Jul 13, 2023 6:15:44 AM org.flywaydb.core.internal.command.DbMigrate doMigrateGroup
INFO: Migrating schema "PUBLIC" to version "4 - Fingerprints"
Jul 13, 2023 6:15:44 AM org.flywaydb.core.internal.command.DbMigrate logSummary
INFO: Successfully applied 4 migrations to schema "PUBLIC", now at version v4 (execution time 00:00.069s)
2023.07.13 06:15:44 INFO  time: initialize in 0.79s
2023.07.13 06:15:47 WARN  Build server is not auto-connectable.
2023.07.13 06:15:47 WARN  no build target for: D:\PISTIS\Eris-main\GuiNew.scala
2023.07.13 06:15:47 WARN  no build target for: D:\PISTIS\Eris-main\Loader.scala
2023.07.13 06:15:53 INFO  no build target found for D:\PISTIS\Eris-main\Loader.scala. Using presentation compiler with project's scala-library version: 3.2.2
2023.07.13 06:15:54 INFO  running 'C:\Program Files\Java\jdk-11.0.13\bin\java -Djline.terminal=jline.UnsupportedTerminal -Dsbt.log.noformat=true -Dfile.encoding=UTF-8 -jar C:\Users\Yeasmin\AppData\Local\Temp\metals1406479697172598154\sbt-launch.jar -Dbloop.export-jar-classifiers=sources bloopInstall'
2023.07.13 06:16:00 INFO  time: code lens generation in 13s
2023.07.13 06:16:00 INFO  time: code lens generation in 6.53s
2023.07.13 06:16:01 INFO  [info] welcome to sbt 1.8.3 (Oracle Corporation Java 11.0.13)
2023.07.13 06:16:03 INFO  [info] loading global plugins from C:\Users\Yeasmin\.sbt\1.0\plugins
2023.07.13 06:16:10 INFO  [info] loading settings for project eris-main-build-build from metals.sbt ...
2023.07.13 06:16:10 INFO  [info] loading project definition from D:\PISTIS\Eris-main\project\project
2023.07.13 06:16:14 INFO  [info] loading settings for project eris-main-build from metals.sbt ...
2023.07.13 06:16:14 INFO  [info] loading project definition from D:\PISTIS\Eris-main\project
2023.07.13 06:16:18 INFO  [success] Generated .bloop\eris-main-build.json
2023.07.13 06:16:18 INFO  [success] Total time: 4 s, completed Jul 13, 2023, 6:16:18 AM
2023.07.13 06:16:21 INFO  [info] loading settings for project eris-main from build.sbt ...
2023.07.13 06:16:21 INFO  [info] set current project to eris-main (in build file:/D:/PISTIS/Eris-main/)
2023.07.13 06:16:23 INFO  [success] Generated .bloop\eris-main-test.json
2023.07.13 06:16:23 INFO  [success] Generated .bloop\eris-main.json
2023.07.13 06:16:23 INFO  [success] Total time: 1 s, completed Jul 13, 2023, 6:16:23 AM
2023.07.13 06:16:23 INFO  time: ran 'sbt bloopInstall' in 29s
2023.07.13 06:16:23 INFO  Attempting to connect to the build server...
2023.07.13 06:16:23 INFO  Bloop uses C:\Program Files\Java\jdk-11.0.13 defined at C:\Users\Yeasmin\.bloop\bloop.json
2023.07.13 06:16:23 INFO  tracing is disabled for protocol BSP, to enable tracing of incoming and outgoing JSON messages create an empty file at D:\PISTIS\Eris-main\.metals\bsp.trace.json or C:\Users\Yeasmin\AppData\Local\scalameta\metals\cache\bsp.trace.json
2023.07.13 06:16:23 INFO  Attempting to connect to the build server...
2023.07.13 06:16:23 INFO  Bloop uses C:\Program Files\Java\jdk-11.0.13 defined at C:\Users\Yeasmin\.bloop\bloop.json
2023.07.13 06:16:24 INFO  tracing is disabled for protocol BSP, to enable tracing of incoming and outgoing JSON messages create an empty file at D:\PISTIS\Eris-main\project\.metals\bsp.trace.json or C:\Users\Yeasmin\AppData\Local\scalameta\metals\cache\bsp.trace.json
2023.07.13 06:16:24 INFO  time: Connected to build server in 0.51s
2023.07.13 06:16:24 INFO  Connected to Build server: Bloop v1.5.6
2023.07.13 06:16:24 INFO  time: Imported build in 0.18s
2023.07.13 06:16:33 INFO  time: indexed workspace in 9.31s
2023.07.13 06:17:50 INFO  compiling eris-main (31 scala sources)
2023.07.13 06:18:03 WARN  6 deprecations
2023.07.13 06:18:03 WARN  4 deprecations (since 16.0.0-R23)
2023.07.13 06:18:03 WARN  11 deprecations (since 2.13.0)
2023.07.13 06:18:03 WARN  15 deprecations (since 2.13.3)
2023.07.13 06:18:03 WARN  36 deprecations in total; re-run with -deprecation for details
2023.07.13 06:18:03 INFO  compiling eris-main-test (31 scala sources)
2023.07.13 06:18:04 INFO  time: compiled eris-main in 14s
2023.07.13 06:18:14 WARN  6 deprecations
2023.07.13 06:18:14 WARN  4 deprecations (since 16.0.0-R23)
2023.07.13 06:18:14 WARN  11 deprecations (since 2.13.0)
2023.07.13 06:18:14 WARN  15 deprecations (since 2.13.3)
2023.07.13 06:18:14 WARN  36 deprecations in total; re-run with -deprecation for details
2023.07.13 06:18:14 INFO  time: compiled eris-main-test in 11s
2023.07.13 14:52:40 INFO  Shutting down server
2023.07.13 14:52:40 INFO  shutting down Metals
2023.07.13 14:52:40 INFO  Shut down connection with build server.
2023.07.13 14:52:40 INFO  Shut down connection with build server.
2023.07.13 14:52:40 INFO  Exiting server
2023.07.13 23:18:26 INFO  Started: Metals version 0.11.12 in workspace 'D:\PISTIS\Eris-main' for client Visual Studio Code 1.80.0.
Jul 13, 2023 11:18:26 PM org.flywaydb.core.internal.license.VersionPrinter printVersionOnly
INFO: Flyway Community Edition 9.16.3 by Redgate
Jul 13, 2023 11:18:26 PM org.flywaydb.core.internal.license.VersionPrinter printVersion
INFO: See release notes here: https://rd.gt/416ObMi
Jul 13, 2023 11:18:26 PM org.flywaydb.core.internal.license.VersionPrinter printVersion
INFO: 
Jul 13, 2023 11:18:26 PM org.flywaydb.core.internal.database.base.BaseDatabaseType createDatabase
INFO: Database: jdbc:h2:file:D:\PISTIS\Eris-main\.metals\metals (H2 2.1)
Jul 13, 2023 11:18:26 PM org.flywaydb.core.internal.command.DbValidate validate
INFO: Successfully validated 4 migrations (execution time 00:00.032s)
Jul 13, 2023 11:18:26 PM org.flywaydb.core.internal.command.DbMigrate migrateGroup
INFO: Current version of schema "PUBLIC": 4
Jul 13, 2023 11:18:26 PM org.flywaydb.core.internal.command.DbMigrate logSummary
INFO: Schema "PUBLIC" is up to date. No migration necessary.
2023.07.13 23:18:27 INFO  time: initialize in 1.06s
2023.07.13 23:18:30 INFO  Attempting to connect to the build server...
2023.07.13 23:18:30 INFO  Bloop uses C:\Program Files\Java\jdk-11.0.13 defined at C:\Users\Yeasmin\.bloop\bloop.json
2023.07.13 23:18:31 INFO  skipping build import with status 'Installed'
2023.07.13 23:18:38 INFO  no build target found for D:\PISTIS\Eris-main\GuiNew.scala. Using presentation compiler with project's scala-library version: 3.2.2
2023.07.13 23:18:44 INFO  time: code lens generation in 13s
Jul 13, 2023 11:18:45 PM org.eclipse.lsp4j.jsonrpc.RemoteEndpoint handleCancellation
WARNING: Unmatched cancel notification for request id 9
Jul 13, 2023 11:18:45 PM org.eclipse.lsp4j.jsonrpc.RemoteEndpoint handleCancellation
WARNING: Unmatched cancel notification for request id 8
2023.07.13 23:18:45 INFO  tracing is disabled for protocol BSP, to enable tracing of incoming and outgoing JSON messages create an empty file at D:\PISTIS\Eris-main\.metals\bsp.trace.json or C:\Users\Yeasmin\AppData\Local\scalameta\metals\cache\bsp.trace.json
Jul 13, 2023 11:18:45 PM org.eclipse.lsp4j.jsonrpc.RemoteEndpoint handleCancellation
WARNING: Unmatched cancel notification for request id 4
2023.07.13 23:18:45 WARN  no build target for: D:\PISTIS\Eris-main\GuiNew.scala
Jul 13, 2023 11:18:45 PM org.eclipse.lsp4j.jsonrpc.RemoteEndpoint fallbackResponseError
SEVERE: Internal error: scala.meta.internal.metals.debug.BuildTargetNotFoundForPathException: No build target could be found for the path: D:\PISTIS\Eris-main\GuiNew.scala
java.util.concurrent.CompletionException: scala.meta.internal.metals.debug.BuildTargetNotFoundForPathException: No build target could be found for the path: D:\PISTIS\Eris-main\GuiNew.scala
	at java.base/java.util.concurrent.CompletableFuture.encodeThrowable(CompletableFuture.java:331)
	at java.base/java.util.concurrent.CompletableFuture.uniAcceptNow(CompletableFuture.java:743)
	at java.base/java.util.concurrent.CompletableFuture.uniAcceptStage(CompletableFuture.java:731)
	at java.base/java.util.concurrent.CompletableFuture.thenAcceptAsync(CompletableFuture.java:2112)
	at scala.concurrent.java8.FuturesConvertersImpl$CF.thenAccept(FutureConvertersImpl.scala:37)
	at org.eclipse.lsp4j.jsonrpc.RemoteEndpoint.handleRequest(RemoteEndpoint.java:279)
	at org.eclipse.lsp4j.jsonrpc.RemoteEndpoint.consume(RemoteEndpoint.java:190)
	at org.eclipse.lsp4j.jsonrpc.json.StreamMessageProducer.handleMessage(StreamMessageProducer.java:194)
	at org.eclipse.lsp4j.jsonrpc.json.StreamMessageProducer.listen(StreamMessageProducer.java:94)
	at org.eclipse.lsp4j.jsonrpc.json.ConcurrentMessageProcessor.run(ConcurrentMessageProcessor.java:113)
	at java.base/java.util.concurrent.Executors$RunnableAdapter.call(Executors.java:515)
	at java.base/java.util.concurrent.FutureTask.run(FutureTask.java:264)
	at java.base/java.util.concurrent.ThreadPoolExecutor.runWorker(ThreadPoolExecutor.java:1128)
	at java.base/java.util.concurrent.ThreadPoolExecutor$Worker.run(ThreadPoolExecutor.java:628)
	at java.base/java.lang.Thread.run(Thread.java:834)
Caused by: scala.meta.internal.metals.debug.BuildTargetNotFoundForPathException: No build target could be found for the path: D:\PISTIS\Eris-main\GuiNew.scala
	at scala.meta.internal.metals.debug.DebugProvider.debugDiscovery(DebugProvider.scala:469)
	at scala.meta.internal.metals.debug.DebugProvider.runCommandDiscovery(DebugProvider.scala:419)
	at scala.meta.internal.metals.MetalsLspService.executeCommand(MetalsLspService.scala:1859)
	at scala.meta.metals.lsp.DelegatingScalaService.executeCommand(DelegatingScalaService.scala:169)
	at java.base/jdk.internal.reflect.NativeMethodAccessorImpl.invoke0(Native Method)
	at java.base/jdk.internal.reflect.NativeMethodAccessorImpl.invoke(NativeMethodAccessorImpl.java:62)
	at java.base/jdk.internal.reflect.DelegatingMethodAccessorImpl.invoke(DelegatingMethodAccessorImpl.java:43)
	at java.base/java.lang.reflect.Method.invoke(Method.java:566)
	at org.eclipse.lsp4j.jsonrpc.services.GenericEndpoint.lambda$null$0(GenericEndpoint.java:65)
	at org.eclipse.lsp4j.jsonrpc.services.GenericEndpoint.request(GenericEndpoint.java:120)
	at org.eclipse.lsp4j.jsonrpc.RemoteEndpoint.handleRequest(RemoteEndpoint.java:261)
	... 9 more

Jul 13, 2023 11:18:45 PM org.eclipse.lsp4j.jsonrpc.RemoteEndpoint handleCancellation
WARNING: Unmatched cancel notification for request id 13
2023.07.13 23:18:45 INFO  skipping build import with status 'Installed'
2023.07.13 23:18:46 INFO  Attempting to connect to the build server...
2023.07.13 23:18:46 INFO  Bloop uses C:\Program Files\Java\jdk-11.0.13 defined at C:\Users\Yeasmin\.bloop\bloop.json
2023.07.13 23:18:46 INFO  tracing is disabled for protocol BSP, to enable tracing of incoming and outgoing JSON messages create an empty file at D:\PISTIS\Eris-main\project\.metals\bsp.trace.json or C:\Users\Yeasmin\AppData\Local\scalameta\metals\cache\bsp.trace.json
2023.07.13 23:18:46 INFO  time: Connected to build server in 16s
2023.07.13 23:18:46 INFO  Connected to Build server: Bloop v1.5.6
2023.07.13 23:18:47 INFO  time: Imported build in 0.47s
2023.07.13 23:18:53 INFO  time: indexed workspace in 5.43s
2023.07.13 23:18:56 INFO  compiling eris-main (1 scala source)
2023.07.13 23:19:11 WARN  1 deprecation (since 16.0.0-R23)
2023.07.13 23:19:11 WARN  2 deprecations (since 2.13.3)
2023.07.13 23:19:11 WARN  3 deprecations in total; re-run with -deprecation for details
2023.07.13 23:19:12 INFO  Shutting down server
2023.07.13 23:19:12 INFO  shutting down Metals
2023.07.13 23:19:13 INFO  Shut down connection with build server.
Jul 13, 2023 11:19:13 PM org.eclipse.lsp4j.jsonrpc.RemoteEndpoint notify
INFO: Failed to send notification message.
org.eclipse.lsp4j.jsonrpc.JsonRpcException: java.nio.channels.AsynchronousCloseException
	at org.eclipse.lsp4j.jsonrpc.json.StreamMessageConsumer.consume(StreamMessageConsumer.java:72)
	at org.eclipse.lsp4j.jsonrpc.RemoteEndpoint.notify(RemoteEndpoint.java:126)
	at org.eclipse.lsp4j.jsonrpc.RemoteEndpoint.sendCancelNotification(RemoteEndpoint.java:180)
	at org.eclipse.lsp4j.jsonrpc.RemoteEndpoint$1.cancel(RemoteEndpoint.java:150)
	at scala.meta.internal.metals.BuildServerConnection.$anonfun$register$2(BuildServerConnection.scala:348)
	at scala.runtime.java8.JFunction0$mcZ$sp.apply(JFunction0$mcZ$sp.scala:17)
	at scala.util.Try$.apply(Try.scala:210)
	at scala.meta.internal.metals.BuildServerConnection.$anonfun$register$1(BuildServerConnection.scala:348)
	at scala.meta.internal.metals.Cancelable$$anon$1.cancel(Cancelable.scala:18)
	at scala.meta.internal.metals.Cancelable$.$anonfun$cancelAll$1(Cancelable.scala:29)
	at scala.collection.immutable.List.foreach(List.scala:333)
	at scala.meta.internal.metals.Cancelable$.cancelAll(Cancelable.scala:28)
	at scala.meta.internal.metals.MutableCancelable.cancel(MutableCancelable.scala:25)
	at scala.meta.internal.metals.BuildServerConnection.cancel(BuildServerConnection.scala:285)
	at scala.meta.internal.metals.BuildServerConnection.$anonfun$shutdown$1(BuildServerConnection.scala:121)
	at scala.meta.internal.metals.BuildServerConnection.$anonfun$shutdown$1$adapted(BuildServerConnection.scala:114)
	at scala.concurrent.impl.Promise$Transformation.run(Promise.scala:467)
	at java.base/java.util.concurrent.ThreadPoolExecutor.runWorker(ThreadPoolExecutor.java:1128)
	at java.base/java.util.concurrent.ThreadPoolExecutor$Worker.run(ThreadPoolExecutor.java:628)
	at java.base/java.lang.Thread.run(Thread.java:834)
Caused by: java.nio.channels.AsynchronousCloseException
	at java.base/java.nio.channels.spi.AbstractInterruptibleChannel.end(AbstractInterruptibleChannel.java:202)
	at java.base/sun.nio.ch.SocketChannelImpl.endWrite(SocketChannelImpl.java:447)
	at java.base/sun.nio.ch.SocketChannelImpl.write(SocketChannelImpl.java:469)
	at java.base/sun.nio.ch.SinkChannelImpl.write(SinkChannelImpl.java:114)
	at java.base/java.nio.channels.Channels.writeFullyImpl(Channels.java:74)
	at java.base/java.nio.channels.Channels.writeFully(Channels.java:94)
	at java.base/java.nio.channels.Channels$1.write(Channels.java:172)
	at java.base/java.io.OutputStream.write(OutputStream.java:122)
	at java.base/java.nio.channels.Channels$1.write(Channels.java:152)
	at scala.meta.internal.metals.ClosableOutputStream.write(ClosableOutputStream.scala:26)
	at java.base/java.io.FilterOutputStream.write(FilterOutputStream.java:137)
	at java.base/java.io.FilterOutputStream.write(FilterOutputStream.java:108)
	at org.eclipse.lsp4j.jsonrpc.json.StreamMessageConsumer.consume(StreamMessageConsumer.java:67)
	... 19 more

2023.07.13 23:19:13 INFO  Cancelling compilation on Bloop server
2023.07.13 23:19:13 INFO  Shut down connection with build server.
2023.07.13 23:19:13 ERROR Unexpected error initializing server: 
java.lang.UnsupportedOperationException
	at org.eclipse.lsp4j.services.LanguageClient.refreshSemanticTokens(LanguageClient.java:193)
	at scala.meta.internal.metals.clients.language.ConfiguredLanguageClient.refreshSemanticTokens(ConfiguredLanguageClient.scala:101)
	at scala.meta.internal.metals.MetalsLspService.$anonfun$onWorksheetChanged$4(MetalsLspService.scala:2658)
	at scala.concurrent.impl.Promise$Transformation.run(Promise.scala:470)
	at java.util.concurrent.ThreadPoolExecutor.runWorker(ThreadPoolExecutor.java:1128)
	at java.util.concurrent.ThreadPoolExecutor$Worker.run(ThreadPoolExecutor.java:628)
	at java.lang.Thread.run(Thread.java:834)

2023.07.13 23:19:12 INFO  Exiting server
