[0m[[0m[0mdebug[0m] [0m[0m> Exec(runMain Main localhost Satn postgres 31766 nf2_sparsev, Some(7ecb48d8-7596-460b-8be7-6c4ab87c6a6d), Some(CommandSource(console0)))[0m
[0m[[0m[0mdebug[0m] [0m[0mEvaluating tasks: Compile / runMain[0m
[0m[[0m[0mdebug[0m] [0m[0mRunning task... Cancel: Signal, check cycles: false, forcegc: true[0m
[0m[[0m[0minfo[0m] [0m[0mcompiling 1 Scala source to D:\PISTIS\Eris-main\target\scala-2.13\classes ...[0m
[0m[[0m[31merror[0m] [0m[0morg.postgresql.util.PSQLException: ERROR: function scalar_product(double precision, numeric) does not exist[0m
[0m[[0m[31merror[0m] [0m[0m  Hint: No function matches the given name and argument types. You might need to add explicit type casts.[0m
[0m[[0m[31merror[0m] [0m[0m  Position: 370[0m
[0m[[0m[31merror[0m] [0m[0m	at org.postgresql.core.v3.QueryExecutorImpl.receiveErrorResponse(QueryExecutorImpl.java:2674)[0m
[0m[[0m[31merror[0m] [0m[0m	at org.postgresql.core.v3.QueryExecutorImpl.processResults(QueryExecutorImpl.java:2364)[0m
[0m[[0m[31merror[0m] [0m[0m	at org.postgresql.core.v3.QueryExecutorImpl.execute(QueryExecutorImpl.java:354)[0m
[0m[[0m[31merror[0m] [0m[0m	at org.postgresql.jdbc.PgStatement.executeInternal(PgStatement.java:484)[0m
[0m[[0m[31merror[0m] [0m[0m	at org.postgresql.jdbc.PgStatement.execute(PgStatement.java:404)[0m
[0m[[0m[31merror[0m] [0m[0m	at org.postgresql.jdbc.PgPreparedStatement.executeWithFlags(PgPreparedStatement.java:162)[0m
[0m[[0m[31merror[0m] [0m[0m	at org.postgresql.jdbc.PgPreparedStatement.executeQuery(PgPreparedStatement.java:114)[0m
[0m[[0m[31merror[0m] [0m[0m	at Database$.streamQuery(Database.scala:109)[0m
[0m[[0m[31merror[0m] [0m[0m	at Main$.getQuery$1(Main.scala:36)[0m
[0m[[0m[31merror[0m] [0m[0m	at Main$.main(Main.scala:90)[0m
[0m[[0m[31merror[0m] [0m[0m	at Main.main(Main.scala)[0m
[0m[[0m[31merror[0m] [0m[0m	at java.base/jdk.internal.reflect.NativeMethodAccessorImpl.invoke0(Native Method)[0m
[0m[[0m[31merror[0m] [0m[0m	at java.base/jdk.internal.reflect.NativeMethodAccessorImpl.invoke(NativeMethodAccessorImpl.java:62)[0m
[0m[[0m[31merror[0m] [0m[0m	at java.base/jdk.internal.reflect.DelegatingMethodAccessorImpl.invoke(DelegatingMethodAccessorImpl.java:43)[0m
[0m[[0m[31merror[0m] [0m[0m	at java.base/java.lang.reflect.Method.invoke(Method.java:566)[0m
[0m[[0m[31merror[0m] [0m[0m	at sbt.Run.invokeMain(Run.scala:143)[0m
[0m[[0m[31merror[0m] [0m[0m	at sbt.Run.execute$1(Run.scala:93)[0m
[0m[[0m[31merror[0m] [0m[0m	at sbt.Run.$anonfun$runWithLoader$5(Run.scala:120)[0m
[0m[[0m[31merror[0m] [0m[0m	at sbt.Run$.executeSuccess(Run.scala:186)[0m
[0m[[0m[31merror[0m] [0m[0m	at sbt.Run.runWithLoader(Run.scala:120)[0m
[0m[[0m[31merror[0m] [0m[0m	at sbt.Defaults$.$anonfun$bgRunMainTask$7(Defaults.scala:1948)[0m
[0m[[0m[31merror[0m] [0m[0m	at sbt.Defaults$.$anonfun$termWrapper$2(Defaults.scala:1919)[0m
[0m[[0m[31merror[0m] [0m[0m	at scala.runtime.java8.JFunction0$mcV$sp.apply(JFunction0$mcV$sp.java:23)[0m
[0m[[0m[31merror[0m] [0m[0m	at scala.util.Try$.apply(Try.scala:213)[0m
[0m[[0m[31merror[0m] [0m[0m	at sbt.internal.BackgroundThreadPool$BackgroundRunnable.run(DefaultBackgroundJobService.scala:366)[0m
[0m[[0m[31merror[0m] [0m[0m	at java.base/java.util.concurrent.ThreadPoolExecutor.runWorker(ThreadPoolExecutor.java:1128)[0m
[0m[[0m[31merror[0m] [0m[0m	at java.base/java.util.concurrent.ThreadPoolExecutor$Worker.run(ThreadPoolExecutor.java:628)[0m
[0m[[0m[31merror[0m] [0m[0m	at java.base/java.lang.Thread.run(Thread.java:834)[0m
[0m[[0m[31merror[0m] [0m[0m(Compile / [31mrunMain[0m) org.postgresql.util.PSQLException: ERROR: function scalar_product(double precision, numeric) does not exist[0m
[0m[[0m[31merror[0m] [0m[0m  Hint: No function matches the given name and argument types. You might need to add explicit type casts.[0m
[0m[[0m[31merror[0m] [0m[0m  Position: 370[0m
[0m[[0m[31merror[0m] [0m[0mTotal time: 1 s, completed Aug 8, 2023, 2:47:04 AM[0m
[0m[[0m[0mdebug[0m] [0m[0m> Exec(shell, None, None)[0m
